<?xml version="1.0" encoding="UTF-8"?>
<!-- Generated by org.testng.reporters.JUnitReportReporter -->
<testsuite skipped="0" hostname="dell-PC" name="com.edusol.Testng.FirstTest" tests="1" failures="0" timestamp="05 Jul 2019 11:11:28 GMT" time="6.231" errors="0">
  <testcase name="startTest" time="6.231" classname="com.edusol.Testng.FirstTest"/>
</testsuite> <!-- com.edusol.Testng.FirstTest -->
